# JRE version: OpenJDK Runtime Environment Temurin-21.0.9+10 (21.0.9+10) (build 21.0.9+10-LTS)
# Java VM: OpenJDK 64-Bit Server VM Temurin-21.0.9+10 (21.0.9+10-LTS, mixed mode, sharing, tiered, compressed oops, compressed class ptrs, parallel gc, windows-amd64)
GC Precious Log:
 CardTable entry size: 512
 CPUs: 8 total, 8 available
 Memory: 7834M
 Large Page Support: Disabled
 NUMA Support: Disabled
 Compressed Oops: Enabled (32-bit)
 Alignments: Space 512K, Generation 512K, Heap 2M
 Heap Min Capacity: 100M
 Heap Initial Capacity: 100M
 Heap Max Capacity: 2G
 Pre-touch: Disabled
 Parallel Workers: 8
Heap:
 PSYoungGen      total 7680K, used 4119K [0x00000000d5580000, 0x00000000d5e00000, 0x0000000100000000)
  eden space 6656K, 50% used [0x00000000d5580000,0x00000000d58cdd28,0x00000000d5c00000)
  from space 1024K, 71% used [0x00000000d5d00000,0x00000000d5db8000,0x00000000d5e00000)
  to   space 1024K, 0% used [0x00000000d5c00000,0x00000000d5c00000,0x00000000d5d00000)
 ParOldGen       total 1277952K, used 1277894K [0x0000000080000000, 0x00000000ce000000, 0x00000000d5580000)
  object space 1277952K, 99% used [0x0000000080000000,0x00000000cdff1800,0x00000000ce000000)
 Metaspace       used 77727K, committed 79360K, reserved 1179648K
  class space    used 9494K, committed 10240K, reserved 1048576K
GC Heap History (20 events):
Event: 901.043 GC heap before
{Heap before GC invocations=1559 (full 3):
 PSYoungGen      total 8192K, used 8128K [0x00000000d5580000, 0x00000000d5f80000, 0x0000000100000000)
  eden space 7168K, 100% used [0x00000000d5580000,0x00000000d5c80000,0x00000000d5c80000)
  from space 1024K, 93% used [0x00000000d5c80000,0x00000000d5d70000,0x00000000d5d80000)
  to   space 1536K, 0% used [0x00000000d5e00000,0x00000000d5e00000,0x00000000d5f80000)
 ParOldGen       total 1266176K, used 1266152K [0x0000000080000000, 0x00000000cd480000, 0x00000000d5580000)
  object space 1266176K, 99% used [0x0000000080000000,0x00000000cd47a0c0,0x00000000cd480000)
 Metaspace       used 77727K, committed 79360K, reserved 1179648K
  class space    used 9494K, committed 10240K, reserved 1048576K
}
Event: 901.046 GC heap after
{Heap after GC invocations=1559 (full 3):
 PSYoungGen      total 8704K, used 992K [0x00000000d5580000, 0x00000000d5f80000, 0x0000000100000000)
  eden space 7168K, 0% used [0x00000000d5580000,0x00000000d5580000,0x00000000d5c80000)
  from space 1536K, 64% used [0x00000000d5e00000,0x00000000d5ef8000,0x00000000d5f80000)
  to   space 1536K, 0% used [0x00000000d5c80000,0x00000000d5c80000,0x00000000d5e00000)
 ParOldGen       total 1267200K, used 1266976K [0x0000000080000000, 0x00000000cd580000, 0x00000000d5580000)
  object space 1267200K, 99% used [0x0000000080000000,0x00000000cd5480c0,0x00000000cd580000)
 Metaspace       used 77727K, committed 79360K, reserved 1179648K
  class space    used 9494K, committed 10240K, reserved 1048576K
}
Event: 901.057 GC heap before
{Heap before GC invocations=1560 (full 3):
 PSYoungGen      total 8704K, used 8160K [0x00000000d5580000, 0x00000000d5f80000, 0x0000000100000000)
  eden space 7168K, 100% used [0x00000000d5580000,0x00000000d5c80000,0x00000000d5c80000)
  from space 1536K, 64% used [0x00000000d5e00000,0x00000000d5ef8000,0x00000000d5f80000)
  to   space 1536K, 0% used [0x00000000d5c80000,0x00000000d5c80000,0x00000000d5e00000)
 ParOldGen       total 1267200K, used 1266976K [0x0000000080000000, 0x00000000cd580000, 0x00000000d5580000)
  object space 1267200K, 99% used [0x0000000080000000,0x00000000cd5480c0,0x00000000cd580000)
 Metaspace       used 77727K, committed 79360K, reserved 1179648K
  class space    used 9494K, committed 10240K, reserved 1048576K
}
Event: 901.059 GC heap after
{Heap after GC invocations=1560 (full 3):
 PSYoungGen      total 8192K, used 862K [0x00000000d5580000, 0x00000000d5e80000, 0x0000000100000000)
  eden space 7168K, 0% used [0x00000000d5580000,0x00000000d5580000,0x00000000d5c80000)
  from space 1024K, 84% used [0x00000000d5c80000,0x00000000d5d57a08,0x00000000d5d80000)
  to   space 1024K, 0% used [0x00000000d5d80000,0x00000000d5d80000,0x00000000d5e80000)
 ParOldGen       total 1268224K, used 1267854K [0x0000000080000000, 0x00000000cd680000, 0x00000000d5580000)
  object space 1268224K, 99% used [0x0000000080000000,0x00000000cd623840,0x00000000cd680000)
 Metaspace       used 77727K, committed 79360K, reserved 1179648K
  class space    used 9494K, committed 10240K, reserved 1048576K
}
Event: 901.074 GC heap before
{Heap before GC invocations=1561 (full 3):
 PSYoungGen      total 8192K, used 8030K [0x00000000d5580000, 0x00000000d5e80000, 0x0000000100000000)
  eden space 7168K, 100% used [0x00000000d5580000,0x00000000d5c80000,0x00000000d5c80000)
  from space 1024K, 84% used [0x00000000d5c80000,0x00000000d5d57a08,0x00000000d5d80000)
  to   space 1024K, 0% used [0x00000000d5d80000,0x00000000d5d80000,0x00000000d5e80000)
 ParOldGen       total 1268224K, used 1267854K [0x0000000080000000, 0x00000000cd680000, 0x00000000d5580000)
  object space 1268224K, 99% used [0x0000000080000000,0x00000000cd623840,0x00000000cd680000)
 Metaspace       used 77727K, committed 79360K, reserved 1179648K
  class space    used 9494K, committed 10240K, reserved 1048576K
}
Event: 901.077 GC heap after
{Heap after GC invocations=1561 (full 3):
 PSYoungGen      total 8192K, used 896K [0x00000000d5580000, 0x00000000d5e80000, 0x0000000100000000)
  eden space 7168K, 0% used [0x00000000d5580000,0x00000000d5580000,0x00000000d5c80000)
  from space 1024K, 87% used [0x00000000d5d80000,0x00000000d5e60000,0x00000000d5e80000)
  to   space 1024K, 0% used [0x00000000d5c80000,0x00000000d5c80000,0x00000000d5d80000)
 ParOldGen       total 1268736K, used 1268606K [0x0000000080000000, 0x00000000cd700000, 0x00000000d5580000)
  object space 1268736K, 99% used [0x0000000080000000,0x00000000cd6df840,0x00000000cd700000)
 Metaspace       used 77727K, committed 79360K, reserved 1179648K
  class space    used 9494K, committed 10240K, reserved 1048576K
}
Event: 901.092 GC heap before
{Heap before GC invocations=1562 (full 3):
 PSYoungGen      total 8192K, used 8064K [0x00000000d5580000, 0x00000000d5e80000, 0x0000000100000000)
  eden space 7168K, 100% used [0x00000000d5580000,0x00000000d5c80000,0x00000000d5c80000)
  from space 1024K, 87% used [0x00000000d5d80000,0x00000000d5e60000,0x00000000d5e80000)
  to   space 1024K, 0% used [0x00000000d5c80000,0x00000000d5c80000,0x00000000d5d80000)
 ParOldGen       total 1268736K, used 1268606K [0x0000000080000000, 0x00000000cd700000, 0x00000000d5580000)
  object space 1268736K, 99% used [0x0000000080000000,0x00000000cd6df840,0x00000000cd700000)
 Metaspace       used 77727K, committed 79360K, reserved 1179648K
  class space    used 9494K, committed 10240K, reserved 1048576K
}
Event: 901.096 GC heap after
{Heap after GC invocations=1562 (full 3):
 PSYoungGen      total 8192K, used 1008K [0x00000000d5580000, 0x00000000d6180000, 0x0000000100000000)
  eden space 7168K, 0% used [0x00000000d5580000,0x00000000d5580000,0x00000000d5c80000)
  from space 1024K, 98% used [0x00000000d5c80000,0x00000000d5d7c008,0x00000000d5d80000)
  to   space 2560K, 0% used [0x00000000d5f00000,0x00000000d5f00000,0x00000000d6180000)
 ParOldGen       total 1269760K, used 1269545K [0x0000000080000000, 0x00000000cd800000, 0x00000000d5580000)
  object space 1269760K, 99% used [0x0000000080000000,0x00000000cd7ca450,0x00000000cd800000)
 Metaspace       used 77727K, committed 79360K, reserved 1179648K
  class space    used 9494K, committed 10240K, reserved 1048576K
}
Event: 901.111 GC heap before
{Heap before GC invocations=1563 (full 3):
 PSYoungGen      total 8192K, used 8166K [0x00000000d5580000, 0x00000000d6180000, 0x0000000100000000)
  eden space 7168K, 99% used [0x00000000d5580000,0x00000000d5c7d970,0x00000000d5c80000)
  from space 1024K, 98% used [0x00000000d5c80000,0x00000000d5d7c008,0x00000000d5d80000)
  to   space 2560K, 0% used [0x00000000d5f00000,0x00000000d5f00000,0x00000000d6180000)
 ParOldGen       total 1269760K, used 1269545K [0x0000000080000000, 0x00000000cd800000, 0x00000000d5580000)
  object space 1269760K, 99% used [0x0000000080000000,0x00000000cd7ca450,0x00000000cd800000)
 Metaspace       used 77727K, committed 79360K, reserved 1179648K
  class space    used 9494K, committed 10240K, reserved 1048576K
}
Event: 901.114 GC heap after
{Heap after GC invocations=1563 (full 3):
 PSYoungGen      total 8192K, used 935K [0x00000000d5580000, 0x00000000d6000000, 0x0000000100000000)
  eden space 7168K, 0% used [0x00000000d5580000,0x00000000d5580000,0x00000000d5c80000)
  from space 1024K, 91% used [0x00000000d5f00000,0x00000000d5fe9cc0,0x00000000d6000000)
  to   space 1536K, 0% used [0x00000000d5d00000,0x00000000d5d00000,0x00000000d5e80000)
 ParOldGen       total 1270784K, used 1270545K [0x0000000080000000, 0x00000000cd900000, 0x00000000d5580000)
  object space 1270784K, 99% used [0x0000000080000000,0x00000000cd8c4458,0x00000000cd900000)
 Metaspace       used 77727K, committed 79360K, reserved 1179648K
  class space    used 9494K, committed 10240K, reserved 1048576K
}
Event: 901.128 GC heap before
{Heap before GC invocations=1564 (full 3):
 PSYoungGen      total 8192K, used 8103K [0x00000000d5580000, 0x00000000d6000000, 0x0000000100000000)
  eden space 7168K, 100% used [0x00000000d5580000,0x00000000d5c80000,0x00000000d5c80000)
  from space 1024K, 91% used [0x00000000d5f00000,0x00000000d5fe9cc0,0x00000000d6000000)
  to   space 1536K, 0% used [0x00000000d5d00000,0x00000000d5d00000,0x00000000d5e80000)
 ParOldGen       total 1270784K, used 1270545K [0x0000000080000000, 0x00000000cd900000, 0x00000000d5580000)
  object space 1270784K, 99% used [0x0000000080000000,0x00000000cd8c4458,0x00000000cd900000)
 Metaspace       used 77727K, committed 79360K, reserved 1179648K
  class space    used 9494K, committed 10240K, reserved 1048576K
}
Event: 901.131 GC heap after
{Heap after GC invocations=1564 (full 3):
 PSYoungGen      total 8192K, used 992K [0x00000000d5580000, 0x00000000d5f80000, 0x0000000100000000)
  eden space 7168K, 0% used [0x00000000d5580000,0x00000000d5580000,0x00000000d5c80000)
  from space 1024K, 96% used [0x00000000d5d00000,0x00000000d5df8000,0x00000000d5e00000)
  to   space 1536K, 0% used [0x00000000d5e00000,0x00000000d5e00000,0x00000000d5f80000)
 ParOldGen       total 1271808K, used 1271297K [0x0000000080000000, 0x00000000cda00000, 0x00000000d5580000)
  object space 1271808K, 99% used [0x0000000080000000,0x00000000cd980458,0x00000000cda00000)
 Metaspace       used 77727K, committed 79360K, reserved 1179648K
  class space    used 9494K, committed 10240K, reserved 1048576K
}
Event: 901.146 GC heap before
{Heap before GC invocations=1565 (full 3):
 PSYoungGen      total 8192K, used 8160K [0x00000000d5580000, 0x00000000d5f80000, 0x0000000100000000)
  eden space 7168K, 100% used [0x00000000d5580000,0x00000000d5c80000,0x00000000d5c80000)
  from space 1024K, 96% used [0x00000000d5d00000,0x00000000d5df8000,0x00000000d5e00000)
  to   space 1536K, 0% used [0x00000000d5e00000,0x00000000d5e00000,0x00000000d5f80000)
 ParOldGen       total 1271808K, used 1271297K [0x0000000080000000, 0x00000000cda00000, 0x00000000d5580000)
  object space 1271808K, 99% used [0x0000000080000000,0x00000000cd980458,0x00000000cda00000)
 Metaspace       used 77727K, committed 79360K, reserved 1179648K
  class space    used 9494K, committed 10240K, reserved 1048576K
}
Event: 901.148 GC heap after
{Heap after GC invocations=1565 (full 3):
 PSYoungGen      total 8192K, used 904K [0x00000000d5580000, 0x00000000d5f00000, 0x0000000100000000)
  eden space 7168K, 0% used [0x00000000d5580000,0x00000000d5580000,0x00000000d5c80000)
  from space 1024K, 88% used [0x00000000d5e00000,0x00000000d5ee21b0,0x00000000d5f00000)
  to   space 1024K, 0% used [0x00000000d5d00000,0x00000000d5d00000,0x00000000d5e00000)
 ParOldGen       total 1272320K, used 1272169K [0x0000000080000000, 0x00000000cda80000, 0x00000000d5580000)
  object space 1272320K, 99% used [0x0000000080000000,0x00000000cda5a458,0x00000000cda80000)
 Metaspace       used 77727K, committed 79360K, reserved 1179648K
  class space    used 9494K, committed 10240K, reserved 1048576K
}
Event: 901.163 GC heap before
{Heap before GC invocations=1566 (full 3):
 PSYoungGen      total 8192K, used 8072K [0x00000000d5580000, 0x00000000d5f00000, 0x0000000100000000)
  eden space 7168K, 100% used [0x00000000d5580000,0x00000000d5c80000,0x00000000d5c80000)
  from space 1024K, 88% used [0x00000000d5e00000,0x00000000d5ee21b0,0x00000000d5f00000)
  to   space 1024K, 0% used [0x00000000d5d00000,0x00000000d5d00000,0x00000000d5e00000)
 ParOldGen       total 1272320K, used 1272169K [0x0000000080000000, 0x00000000cda80000, 0x00000000d5580000)
  object space 1272320K, 99% used [0x0000000080000000,0x00000000cda5a458,0x00000000cda80000)
 Metaspace       used 77727K, committed 79360K, reserved 1179648K
  class space    used 9494K, committed 10240K, reserved 1048576K
}
Event: 901.165 GC heap after
{Heap after GC invocations=1566 (full 3):
 PSYoungGen      total 8192K, used 928K [0x00000000d5580000, 0x00000000d5e80000, 0x0000000100000000)
  eden space 7168K, 0% used [0x00000000d5580000,0x00000000d5580000,0x00000000d5c80000)
  from space 1024K, 90% used [0x00000000d5d00000,0x00000000d5de8000,0x00000000d5e00000)
  to   space 512K, 0% used [0x00000000d5e00000,0x00000000d5e00000,0x00000000d5e80000)
 ParOldGen       total 1273344K, used 1272937K [0x0000000080000000, 0x00000000cdb80000, 0x00000000d5580000)
  object space 1273344K, 99% used [0x0000000080000000,0x00000000cdb1a458,0x00000000cdb80000)
 Metaspace       used 77727K, committed 79360K, reserved 1179648K
  class space    used 9494K, committed 10240K, reserved 1048576K
}
Event: 901.179 GC heap before
{Heap before GC invocations=1567 (full 3):
 PSYoungGen      total 8192K, used 8096K [0x00000000d5580000, 0x00000000d5e80000, 0x0000000100000000)
  eden space 7168K, 100% used [0x00000000d5580000,0x00000000d5c80000,0x00000000d5c80000)
  from space 1024K, 90% used [0x00000000d5d00000,0x00000000d5de8000,0x00000000d5e00000)
  to   space 512K, 0% used [0x00000000d5e00000,0x00000000d5e00000,0x00000000d5e80000)
 ParOldGen       total 1273344K, used 1272937K [0x0000000080000000, 0x00000000cdb80000, 0x00000000d5580000)
  object space 1273344K, 99% used [0x0000000080000000,0x00000000cdb1a458,0x00000000cdb80000)
 Metaspace       used 77727K, committed 79360K, reserved 1179648K
  class space    used 9494K, committed 10240K, reserved 1048576K
}
Event: 901.181 GC heap after
{Heap after GC invocations=1567 (full 3):
 PSYoungGen      total 7168K, used 512K [0x00000000d5580000, 0x00000000d6080000, 0x0000000100000000)
  eden space 6656K, 0% used [0x00000000d5580000,0x00000000d5580000,0x00000000d5c00000)
  from space 512K, 100% used [0x00000000d5e00000,0x00000000d5e80000,0x00000000d5e80000)
  to   space 2048K, 0% used [0x00000000d5c00000,0x00000000d5c00000,0x00000000d5e00000)
 ParOldGen       total 1274368K, used 1273941K [0x0000000080000000, 0x00000000cdc80000, 0x00000000d5580000)
  object space 1274368K, 99% used [0x0000000080000000,0x00000000cdc157e8,0x00000000cdc80000)
 Metaspace       used 77727K, committed 79360K, reserved 1179648K
  class space    used 9494K, committed 10240K, reserved 1048576K
}
Event: 901.195 GC heap before
{Heap before GC invocations=1568 (full 3):
 PSYoungGen      total 7168K, used 7168K [0x00000000d5580000, 0x00000000d6080000, 0x0000000100000000)
  eden space 6656K, 100% used [0x00000000d5580000,0x00000000d5c00000,0x00000000d5c00000)
  from space 512K, 100% used [0x00000000d5e00000,0x00000000d5e80000,0x00000000d5e80000)
  to   space 2048K, 0% used [0x00000000d5c00000,0x00000000d5c00000,0x00000000d5e00000)
 ParOldGen       total 1274368K, used 1273941K [0x0000000080000000, 0x00000000cdc80000, 0x00000000d5580000)
  object space 1274368K, 99% used [0x0000000080000000,0x00000000cdc157e8,0x00000000cdc80000)
 Metaspace       used 77727K, committed 79360K, reserved 1179648K
  class space    used 9494K, committed 10240K, reserved 1048576K
}
Event: 901.197 GC heap after
{Heap after GC invocations=1568 (full 3):
 PSYoungGen      total 7680K, used 896K [0x00000000d5580000, 0x00000000d5f00000, 0x0000000100000000)
  eden space 6656K, 0% used [0x00000000d5580000,0x00000000d5580000,0x00000000d5c00000)
  from space 1024K, 87% used [0x00000000d5c00000,0x00000000d5ce0000,0x00000000d5d00000)
  to   space 1536K, 0% used [0x00000000d5d80000,0x00000000d5d80000,0x00000000d5f00000)
 ParOldGen       total 1274880K, used 1274461K [0x0000000080000000, 0x00000000cdd00000, 0x00000000d5580000)
  object space 1274880K, 99% used [0x0000000080000000,0x00000000cdc977e8,0x00000000cdd00000)
 Metaspace       used 77727K, committed 79360K, reserved 1179648K
  class space    used 9494K, committed 10240K, reserved 1048576K
}

